<?xml version="1.0" encoding="UTF-8"?>
<testng-results skipped="0" failed="0" ignored="0" total="1" passed="1">
  <reporter-output>
  </reporter-output>
  <suite name="Default suite" duration-ms="32" started-at="2021-04-08T18:55:25 CEST" finished-at="2021-04-08T18:55:25 CEST">
    <groups>
    </groups>
    <test name="Default test" duration-ms="32" started-at="2021-04-08T18:55:25 CEST" finished-at="2021-04-08T18:55:25 CEST">
      <class name="testNG.AssertionsExample">
        <test-method status="PASS" signature="checkEqual()[pri:0, instance:testNG.AssertionsExample@67784306]" name="checkEqual" duration-ms="7" started-at="2021-04-08T18:55:25 CEST" finished-at="2021-04-08T18:55:25 CEST">
          <reporter-output>
          </reporter-output>
        </test-method> <!-- checkEqual -->
      </class> <!-- testNG.AssertionsExample -->
    </test> <!-- Default test -->
  </suite> <!-- Default suite -->
</testng-results>
